<?xml version="1.0" encoding="UTF-8"?>
<!-- Generated by org.testng.reporters.JUnitReportReporter -->
<testsuite hostname="SUPREME" failures="0" tests="2" name="com.dezlearn.qa.selenium_test.Annotation_2" time="0.008" errors="0" timestamp="2025-08-13T12:37:04 IST" skipped="0">
  <testcase classname="com.dezlearn.qa.selenium_test.Annotation_2" name="test1" time="0.007"/>
  <testcase classname="com.dezlearn.qa.selenium_test.Annotation_2" name="test2" time="0.001"/>
</testsuite> <!-- com.dezlearn.qa.selenium_test.Annotation_2 -->
