<?xml version="1.0" encoding="UTF-8"?>
<!-- Generated by org.testng.reporters.JUnitReportReporter -->
<testsuite hostname="SUPREME" failures="0" tests="2" name="Day22.Practice_DemoWebShop" time="3.101" errors="0" timestamp="2025-08-14T15:48:16 IST" skipped="0">
  <testcase classname="Day22.Practice_DemoWebShop" name="logIn" time="2.269"/>
  <testcase classname="Day22.Practice_DemoWebShop" name="clickBook" time="0.832"/>
</testsuite> <!-- Day22.Practice_DemoWebShop -->
