<?xml version="1.0" encoding="UTF-8"?>
<!-- Generated by org.testng.reporters.JUnitReportReporter -->
<testsuite hostname="SUPREME" failures="0" tests="2" name="com.dezlearn.qa.selenium_test.Annotation" time="8.218" errors="0" timestamp="2025-08-13T10:48:31 IST" skipped="0">
  <testcase classname="com.dezlearn.qa.selenium_test.Annotation" name="verifyPage" time="1.847"/>
  <testcase classname="com.dezlearn.qa.selenium_test.Annotation" name="LoginTest" time="6.371"/>
</testsuite> <!-- com.dezlearn.qa.selenium_test.Annotation -->
