<?xml version="1.0" encoding="UTF-8"?>
<!-- Generated by org.testng.reporters.JUnitReportReporter -->
<testsuite hostname="SUPREME" failures="0" tests="1" name="com.dezlearn.qa.selenium_test.MyFirstTest" time="0.012" errors="0" timestamp="2025-08-12T12:01:21 IST" skipped="0">
  <testcase classname="com.dezlearn.qa.selenium_test.MyFirstTest" name="testExample" time="0.012"/>
</testsuite> <!-- com.dezlearn.qa.selenium_test.MyFirstTest -->
