<?xml version="1.0" encoding="UTF-8"?>
<!-- Generated by org.testng.reporters.JUnitReportReporter -->
<testsuite hostname="SUPREME" failures="0" tests="1" name="Task.PracticeFormTest" time="2.492" errors="0" timestamp="2025-08-14T11:11:48 IST" skipped="0">
  <testcase classname="Task.PracticeFormTest" name="fillFormAndSubmit" time="2.492"/>
</testsuite> <!-- Task.PracticeFormTest -->
