<?xml version="1.0" encoding="UTF-8"?>
<!-- Generated by org.testng.reporters.JUnitReportReporter -->
<testsuite hostname="DESKTOP-C39VUJN" failures="0" tests="2" name="com.Member4Task.DemoShopTest" time="11.332" errors="0" timestamp="2025-08-21T13:30:15 IST" skipped="0">
  <testcase classname="com.Member4Task.DemoShopTest" name="testTitle" time="4.310"/>
  <testcase classname="com.Member4Task.DemoShopTest" name="testSearchBoxExists" time="7.022"/>
</testsuite> <!-- com.Member4Task.DemoShopTest -->
